<?xml version="1.0" encoding="UTF-8"?>
<robot generator="Robot 6.1.1 (Python 3.10.11 on win32)" generated="20251113 20:02:51.994" rpa="false" schemaversion="4">
<suite id="s1" name="Tests" source="C:\kurssit\ohjelmistotuotanto\ohtu_tehtavat\osa3\login-robot\src\tests">
<suite id="s1-s1" name="Login" source="C:\kurssit\ohjelmistotuotanto\ohtu_tehtavat\osa3\login-robot\src\tests\login.robot">
<test id="s1-s1-t1" name="Login With Correct Credentials" line="6">
<kw name="Create User And Input Login Command" type="SETUP">
<kw name="Create User" library="AppLibrary">
<arg>kalle</arg>
<arg>kalle123</arg>
<status status="PASS" starttime="20251113 20:02:52.067" endtime="20251113 20:02:52.067"/>
</kw>
<kw name="Input Login Command" library="resource">
<kw name="Input" library="AppLibrary">
<arg>login</arg>
<status status="PASS" starttime="20251113 20:02:52.068" endtime="20251113 20:02:52.068"/>
</kw>
<status status="PASS" starttime="20251113 20:02:52.067" endtime="20251113 20:02:52.068"/>
</kw>
<status status="PASS" starttime="20251113 20:02:52.067" endtime="20251113 20:02:52.068"/>
</kw>
<kw name="Input Credentials" library="resource">
<arg>kalle</arg>
<arg>kalle123</arg>
<kw name="Input" library="AppLibrary">
<arg>${username}</arg>
<status status="PASS" starttime="20251113 20:02:52.068" endtime="20251113 20:02:52.069"/>
</kw>
<kw name="Input" library="AppLibrary">
<arg>${password}</arg>
<status status="PASS" starttime="20251113 20:02:52.069" endtime="20251113 20:02:52.069"/>
</kw>
<kw name="Run Application" library="AppLibrary">
<status status="PASS" starttime="20251113 20:02:52.069" endtime="20251113 20:02:52.069"/>
</kw>
<status status="PASS" starttime="20251113 20:02:52.068" endtime="20251113 20:02:52.069"/>
</kw>
<kw name="Output Should Contain" library="AppLibrary">
<arg>Logged in</arg>
<status status="PASS" starttime="20251113 20:02:52.070" endtime="20251113 20:02:52.070"/>
</kw>
<status status="PASS" starttime="20251113 20:02:52.066" endtime="20251113 20:02:52.070"/>
</test>
<test id="s1-s1-t2" name="Login With Incorrect Password" line="10">
<kw name="Create User And Input Login Command" type="SETUP">
<kw name="Create User" library="AppLibrary">
<arg>kalle</arg>
<arg>kalle123</arg>
<status status="PASS" starttime="20251113 20:02:52.073" endtime="20251113 20:02:52.073"/>
</kw>
<kw name="Input Login Command" library="resource">
<kw name="Input" library="AppLibrary">
<arg>login</arg>
<status status="PASS" starttime="20251113 20:02:52.074" endtime="20251113 20:02:52.074"/>
</kw>
<status status="PASS" starttime="20251113 20:02:52.074" endtime="20251113 20:02:52.074"/>
</kw>
<status status="PASS" starttime="20251113 20:02:52.072" endtime="20251113 20:02:52.074"/>
</kw>
<kw name="Input Credentials" library="resource">
<arg>kalle</arg>
<arg>kalle321</arg>
<kw name="Input" library="AppLibrary">
<arg>${username}</arg>
<status status="PASS" starttime="20251113 20:02:52.074" endtime="20251113 20:02:52.074"/>
</kw>
<kw name="Input" library="AppLibrary">
<arg>${password}</arg>
<status status="PASS" starttime="20251113 20:02:52.074" endtime="20251113 20:02:52.074"/>
</kw>
<kw name="Run Application" library="AppLibrary">
<status status="PASS" starttime="20251113 20:02:52.074" endtime="20251113 20:02:52.074"/>
</kw>
<status status="PASS" starttime="20251113 20:02:52.074" endtime="20251113 20:02:52.074"/>
</kw>
<kw name="Output Should Contain" library="AppLibrary">
<arg>Invalid username or password</arg>
<status status="PASS" starttime="20251113 20:02:52.074" endtime="20251113 20:02:52.074"/>
</kw>
<status status="PASS" starttime="20251113 20:02:52.070" endtime="20251113 20:02:52.074"/>
</test>
<test id="s1-s1-t3" name="Login With Nonexistent Username" line="14">
<kw name="Create User And Input Login Command" type="SETUP">
<kw name="Create User" library="AppLibrary">
<arg>kalle</arg>
<arg>kalle123</arg>
<status status="PASS" starttime="20251113 20:02:52.074" endtime="20251113 20:02:52.074"/>
</kw>
<kw name="Input Login Command" library="resource">
<kw name="Input" library="AppLibrary">
<arg>login</arg>
<status status="PASS" starttime="20251113 20:02:52.074" endtime="20251113 20:02:52.074"/>
</kw>
<status status="PASS" starttime="20251113 20:02:52.074" endtime="20251113 20:02:52.074"/>
</kw>
<status status="PASS" starttime="20251113 20:02:52.074" endtime="20251113 20:02:52.074"/>
</kw>
<kw name="Input Credentials" library="resource">
<arg>kallle</arg>
<arg>kallle321</arg>
<kw name="Input" library="AppLibrary">
<arg>${username}</arg>
<status status="PASS" starttime="20251113 20:02:52.074" endtime="20251113 20:02:52.074"/>
</kw>
<kw name="Input" library="AppLibrary">
<arg>${password}</arg>
<status status="PASS" starttime="20251113 20:02:52.074" endtime="20251113 20:02:52.074"/>
</kw>
<kw name="Run Application" library="AppLibrary">
<status status="PASS" starttime="20251113 20:02:52.074" endtime="20251113 20:02:52.074"/>
</kw>
<status status="PASS" starttime="20251113 20:02:52.074" endtime="20251113 20:02:52.074"/>
</kw>
<kw name="Output Should Contain" library="AppLibrary">
<arg>Invalid username or password</arg>
<status status="PASS" starttime="20251113 20:02:52.074" endtime="20251113 20:02:52.074"/>
</kw>
<status status="PASS" starttime="20251113 20:02:52.074" endtime="20251113 20:02:52.074"/>
</test>
<status status="PASS" starttime="20251113 20:02:52.026" endtime="20251113 20:02:52.074"/>
</suite>
<status status="PASS" starttime="20251113 20:02:51.999" endtime="20251113 20:02:52.074"/>
</suite>
<statistics>
<total>
<stat pass="3" fail="0" skip="0">All Tests</stat>
</total>
<tag>
</tag>
<suite>
<stat pass="3" fail="0" skip="0" id="s1" name="Tests">Tests</stat>
<stat pass="3" fail="0" skip="0" id="s1-s1" name="Login">Tests.Login</stat>
</suite>
</statistics>
<errors>
</errors>
</robot>
