<?xml version="1.0" encoding="UTF-8"?>
<robot generator="Robot 6.1.1 (Python 3.10.11 on win32)" generated="20251116 12:09:51.586" rpa="false" schemaversion="4">
<suite id="s1" name="Ohtu Tehtavat" source="C:\kurssit\ohjelmistotuotanto\ohtu_tehtavat">
<suite id="s1-s1" name="Osa3" source="C:\kurssit\ohjelmistotuotanto\ohtu_tehtavat\osa3">
<suite id="s1-s1-s1" name="Login-Robot" source="C:\kurssit\ohjelmistotuotanto\ohtu_tehtavat\osa3\login-robot">
<suite id="s1-s1-s1-s1" name="Src" source="C:\kurssit\ohjelmistotuotanto\ohtu_tehtavat\osa3\login-robot\src">
<suite id="s1-s1-s1-s1-s1" name="Tests" source="C:\kurssit\ohjelmistotuotanto\ohtu_tehtavat\osa3\login-robot\src\tests">
<suite id="s1-s1-s1-s1-s1-s1" name="Register" source="C:\kurssit\ohjelmistotuotanto\ohtu_tehtavat\osa3\login-robot\src\tests\register.robot">
<test id="s1-s1-s1-s1-s1-s1-t1" name="Register With Already Taken Username And Valid Password" line="10">
<kw name="Input New Command" type="SETUP">
<kw name="Input" library="AppLibrary">
<arg>new</arg>
<status status="PASS" starttime="20251116 12:09:51.778" endtime="20251116 12:09:51.779"/>
</kw>
<status status="PASS" starttime="20251116 12:09:51.776" endtime="20251116 12:09:51.779"/>
</kw>
<kw name="Create User" library="AppLibrary">
<arg>kalle</arg>
<arg>salasana123</arg>
<status status="PASS" starttime="20251116 12:09:51.780" endtime="20251116 12:09:51.780"/>
</kw>
<kw name="Input Credentials" library="resource">
<arg>kalle</arg>
<arg>kalle123</arg>
<kw name="Input" library="AppLibrary">
<arg>${username}</arg>
<status status="PASS" starttime="20251116 12:09:51.783" endtime="20251116 12:09:51.784"/>
</kw>
<kw name="Input" library="AppLibrary">
<arg>${password}</arg>
<status status="PASS" starttime="20251116 12:09:51.785" endtime="20251116 12:09:51.786"/>
</kw>
<kw name="Run Application" library="AppLibrary">
<status status="PASS" starttime="20251116 12:09:51.787" endtime="20251116 12:09:51.787"/>
</kw>
<status status="PASS" starttime="20251116 12:09:51.780" endtime="20251116 12:09:51.787"/>
</kw>
<kw name="Run Application" library="AppLibrary">
<status status="PASS" starttime="20251116 12:09:51.790" endtime="20251116 12:09:51.790"/>
</kw>
<kw name="Output Should Contain" library="AppLibrary">
<arg>User already exists</arg>
<status status="PASS" starttime="20251116 12:09:51.791" endtime="20251116 12:09:51.793"/>
</kw>
<status status="PASS" starttime="20251116 12:09:51.761" endtime="20251116 12:09:51.794"/>
</test>
<status status="PASS" starttime="20251116 12:09:51.716" endtime="20251116 12:09:51.801"/>
</suite>
<status status="PASS" starttime="20251116 12:09:51.697" endtime="20251116 12:09:51.813"/>
</suite>
<status status="PASS" starttime="20251116 12:09:51.680" endtime="20251116 12:09:51.829"/>
</suite>
<status status="PASS" starttime="20251116 12:09:51.667" endtime="20251116 12:09:51.841"/>
</suite>
<status status="PASS" starttime="20251116 12:09:51.652" endtime="20251116 12:09:51.851"/>
</suite>
<status status="PASS" starttime="20251116 12:09:51.593" endtime="20251116 12:09:51.862"/>
</suite>
<statistics>
<total>
<stat pass="1" fail="0" skip="0">All Tests</stat>
</total>
<tag>
</tag>
<suite>
<stat pass="1" fail="0" skip="0" id="s1" name="Ohtu Tehtavat">Ohtu Tehtavat</stat>
<stat pass="1" fail="0" skip="0" id="s1-s1" name="Osa3">Ohtu Tehtavat.Osa3</stat>
<stat pass="1" fail="0" skip="0" id="s1-s1-s1" name="Login-Robot">Ohtu Tehtavat.Osa3.Login-Robot</stat>
<stat pass="1" fail="0" skip="0" id="s1-s1-s1-s1" name="Src">Ohtu Tehtavat.Osa3.Login-Robot.Src</stat>
<stat pass="1" fail="0" skip="0" id="s1-s1-s1-s1-s1" name="Tests">Ohtu Tehtavat.Osa3.Login-Robot.Src.Tests</stat>
<stat pass="1" fail="0" skip="0" id="s1-s1-s1-s1-s1-s1" name="Register">Ohtu Tehtavat.Osa3.Login-Robot.Src.Tests.Register</stat>
</suite>
</statistics>
<errors>
</errors>
</robot>
